0 verbose cli E:\Program Files\nodejs\node.exe C:\Users\TheTruth\AppData\Roaming\npm\node_modules\npm\bin\npm-cli.js
1 info using npm@11.5.2
2 info using node@v24.4.1
3 silly config load:file:C:\Users\TheTruth\AppData\Roaming\npm\node_modules\npm\npmrc
4 silly config load:file:E:\Projects\React\Dogi Teknik Destek\frontend\.npmrc
5 warn Unknown project config "ci". This will stop working in the next major version of npm.
6 silly config load:file:C:\Users\TheTruth\.npmrc
7 silly config load:file:C:\Users\TheTruth\AppData\Roaming\npm\etc\npmrc
8 verbose title npm install
9 verbose argv "install"
10 verbose logfile logs-max:10 dir:E:\Projects\React\Dogi Teknik Destek\frontend\.npm-cache\_logs\2025-08-25T21_30_07_953Z-
11 verbose logfile E:\Projects\React\Dogi Teknik Destek\frontend\.npm-cache\_logs\2025-08-25T21_30_07_953Z-debug-0.log
12 silly logfile start cleaning logs, removing 1 files
13 silly packumentCache heap:4496293888 maxSize:1124073472 maxEntrySize:562036736
14 silly logfile done cleaning log files
15 silly idealTree buildDeps
16 verbose shrinkwrap failed to load node_modules/.package-lock.json missing from node_modules: frontend
17 silly reify moves {}
18 verbose reify failed optional dependency E:\Projects\React\Dogi Teknik Destek\frontend\node_modules\fsevents
19 silly reify mark deleted [
19 silly reify   'E:\\Projects\\React\\Dogi Teknik Destek\\frontend\\node_modules\\fsevents'
19 silly reify ]
20 silly ADD node_modules/fsevents
21 verbose cwd E:\Projects\React\Dogi Teknik Destek\frontend
22 verbose os Windows_NT 10.0.26100
23 verbose node v24.4.1
24 verbose npm  v11.5.2
25 verbose exit 0
26 info ok
