0 verbose cli E:\Program Files\nodejs\node.exe C:\Users\TheTruth\AppData\Roaming\npm\node_modules\npm\bin\npm-cli.js
1 info using npm@11.5.2
2 info using node@v24.4.1
3 silly config load:file:C:\Users\TheTruth\AppData\Roaming\npm\node_modules\npm\npmrc
4 silly config load:file:E:\Projects\React\Dogi Teknik Destek\frontend\.npmrc
5 warn Unknown project config "ci". This will stop working in the next major version of npm.
6 silly config load:file:C:\Users\TheTruth\.npmrc
7 silly config load:file:C:\Users\TheTruth\AppData\Roaming\npm\etc\npmrc
8 verbose title npm install @emailjs/browser
9 verbose argv "install" "@emailjs/browser"
10 verbose logfile logs-max:10 dir:E:\Projects\React\Dogi Teknik Destek\frontend\.npm-cache\_logs\2025-08-25T21_20_42_834Z-
11 verbose logfile E:\Projects\React\Dogi Teknik Destek\frontend\.npm-cache\_logs\2025-08-25T21_20_42_834Z-debug-0.log
12 silly logfile start cleaning logs, removing 1 files
13 silly packumentCache heap:4496293888 maxSize:1124073472 maxEntrySize:562036736
14 silly logfile done cleaning log files
15 silly idealTree buildDeps
16 silly fetch manifest @emailjs/browser@*
17 silly packumentCache full:https://registry.npmjs.org/@emailjs%2fbrowser cache-miss
18 verbose shrinkwrap failed to load node_modules/.package-lock.json missing from node_modules: frontend
19 http fetch GET 200 https://registry.npmjs.org/@emailjs%2fbrowser 1351ms (cache miss)
20 silly packumentCache full:https://registry.npmjs.org/@emailjs%2fbrowser set size:undefined disposed:false
21 silly placeDep ROOT @emailjs/browser@4.4.1 OK for: dogi-teknik-destek@1.0.0 want: *
22 silly reify moves {}
23 verbose reify failed optional dependency E:\Projects\React\Dogi Teknik Destek\frontend\node_modules\fsevents
24 silly reify mark deleted [
24 silly reify   'E:\\Projects\\React\\Dogi Teknik Destek\\frontend\\node_modules\\fsevents'
24 silly reify ]
25 http cache @emailjs/browser@https://registry.npmjs.org/@emailjs/browser/-/browser-4.4.1.tgz 0ms (cache hit)
26 silly tarball no local data for @emailjs/browser@https://registry.npmjs.org/@emailjs/browser/-/browser-4.4.1.tgz. Extracting by manifest.
27 http fetch GET 200 https://registry.npmjs.org/@emailjs/browser/-/browser-4.4.1.tgz 164ms (cache miss)
28 silly ADD node_modules/@emailjs/browser
29 silly ADD node_modules/fsevents
30 verbose cwd E:\Projects\React\Dogi Teknik Destek\frontend
31 verbose os Windows_NT 10.0.26100
32 verbose node v24.4.1
33 verbose npm  v11.5.2
34 verbose exit 0
35 info ok
