0 verbose cli E:\Program Files\nodejs\node.exe C:\Users\TheTruth\AppData\Roaming\npm\node_modules\npm\bin\npm-cli.js
1 info using npm@11.5.2
2 info using node@v24.4.1
3 silly config load:file:C:\Users\TheTruth\AppData\Roaming\npm\node_modules\npm\npmrc
4 silly config load:file:E:\Projects\React\Dogi Teknik Destek\frontend\.npmrc
5 warn Unknown project config "ci". This will stop working in the next major version of npm.
6 silly config load:file:C:\Users\TheTruth\.npmrc
7 silly config load:file:C:\Users\TheTruth\AppData\Roaming\npm\etc\npmrc
8 verbose title npm install @tailwindcss/forms
9 verbose argv "install" "@tailwindcss/forms"
10 verbose logfile logs-max:10 dir:E:\Projects\React\Dogi Teknik Destek\frontend\.npm-cache\_logs\2025-08-25T21_21_27_447Z-
11 verbose logfile E:\Projects\React\Dogi Teknik Destek\frontend\.npm-cache\_logs\2025-08-25T21_21_27_447Z-debug-0.log
12 silly logfile start cleaning logs, removing 1 files
13 silly packumentCache heap:4496293888 maxSize:1124073472 maxEntrySize:562036736
14 silly logfile done cleaning log files
15 silly idealTree buildDeps
16 silly fetch manifest @tailwindcss/forms@*
17 silly packumentCache full:https://registry.npmjs.org/@tailwindcss%2fforms cache-miss
18 verbose shrinkwrap failed to load node_modules/.package-lock.json missing from node_modules: frontend
19 http fetch GET 200 https://registry.npmjs.org/@tailwindcss%2fforms 497ms (cache miss)
20 silly packumentCache full:https://registry.npmjs.org/@tailwindcss%2fforms set size:undefined disposed:false
21 silly fetch manifest tailwindcss@>=3.0.0 || >= 3.0.0-alpha.1 || >= 4.0.0-alpha.20 || >= 4.0.0-beta.1
22 silly packumentCache full:https://registry.npmjs.org/tailwindcss cache-miss
23 http cache https://registry.npmjs.org/tailwindcss 19ms (cache hit)
24 silly packumentCache full:https://registry.npmjs.org/tailwindcss set size:9392100 disposed:false
25 silly placeDep ROOT @tailwindcss/forms@0.5.10 OK for: dogi-teknik-destek@1.0.0 want: *
26 silly fetch manifest mini-svg-data-uri@^1.2.3
27 silly packumentCache full:https://registry.npmjs.org/mini-svg-data-uri cache-miss
28 http fetch GET 200 https://registry.npmjs.org/mini-svg-data-uri 45ms (cache miss)
29 silly packumentCache full:https://registry.npmjs.org/mini-svg-data-uri set size:undefined disposed:false
30 silly placeDep ROOT mini-svg-data-uri@1.4.4 OK for: @tailwindcss/forms@0.5.10 want: ^1.2.3
31 silly reify moves {}
32 verbose reify failed optional dependency E:\Projects\React\Dogi Teknik Destek\frontend\node_modules\fsevents
33 silly reify mark deleted [
33 silly reify   'E:\\Projects\\React\\Dogi Teknik Destek\\frontend\\node_modules\\fsevents'
33 silly reify ]
34 http cache @tailwindcss/forms@https://registry.npmjs.org/@tailwindcss/forms/-/forms-0.5.10.tgz 0ms (cache hit)
35 http cache mini-svg-data-uri@https://registry.npmjs.org/mini-svg-data-uri/-/mini-svg-data-uri-1.4.4.tgz 0ms (cache hit)
36 silly tarball no local data for @tailwindcss/forms@https://registry.npmjs.org/@tailwindcss/forms/-/forms-0.5.10.tgz. Extracting by manifest.
37 silly tarball no local data for mini-svg-data-uri@https://registry.npmjs.org/mini-svg-data-uri/-/mini-svg-data-uri-1.4.4.tgz. Extracting by manifest.
38 http fetch GET 200 https://registry.npmjs.org/mini-svg-data-uri/-/mini-svg-data-uri-1.4.4.tgz 95ms (cache miss)
39 http fetch GET 200 https://registry.npmjs.org/@tailwindcss/forms/-/forms-0.5.10.tgz 136ms (cache miss)
40 silly ADD node_modules/mini-svg-data-uri
41 silly ADD node_modules/@tailwindcss/forms
42 silly ADD node_modules/fsevents
43 verbose cwd E:\Projects\React\Dogi Teknik Destek\frontend
44 verbose os Windows_NT 10.0.26100
45 verbose node v24.4.1
46 verbose npm  v11.5.2
47 verbose exit 0
48 info ok
