0 verbose cli E:\Program Files\nodejs\node.exe C:\Users\TheTruth\AppData\Roaming\npm\node_modules\npm\bin\npm-cli.js
1 info using npm@11.5.2
2 info using node@v24.4.1
3 silly config load:file:C:\Users\TheTruth\AppData\Roaming\npm\node_modules\npm\npmrc
4 silly config load:file:E:\Projects\React\Dogi Teknik Destek\frontend\.npmrc
5 warn Unknown project config "ci". This will stop working in the next major version of npm.
6 silly config load:file:C:\Users\TheTruth\.npmrc
7 silly config load:file:C:\Users\TheTruth\AppData\Roaming\npm\etc\npmrc
8 verbose title npm install
9 verbose argv "install"
10 verbose logfile logs-max:10 dir:E:\Projects\React\Dogi Teknik Destek\frontend\.npm-cache\_logs\2025-08-25T21_04_41_660Z-
11 verbose logfile E:\Projects\React\Dogi Teknik Destek\frontend\.npm-cache\_logs\2025-08-25T21_04_41_660Z-debug-0.log
12 silly logfile done cleaning log files
13 silly packumentCache heap:4496293888 maxSize:1124073472 maxEntrySize:562036736
14 silly idealTree buildDeps
15 silly reify moves {}
16 verbose cwd E:\Projects\React\Dogi Teknik Destek\frontend
17 verbose os Windows_NT 10.0.26100
18 verbose node v24.4.1
19 verbose npm  v11.5.2
20 verbose exit 0
21 info ok
