0 verbose cli E:\Program Files\nodejs\node.exe C:\Users\TheTruth\AppData\Roaming\npm\node_modules\npm\bin\npm-cli.js
1 info using npm@11.5.2
2 info using node@v24.4.1
3 silly config load:file:C:\Users\TheTruth\AppData\Roaming\npm\node_modules\npm\npmrc
4 silly config load:file:E:\Projects\React\Dogi Teknik Destek\frontend\.npmrc
5 warn Unknown project config "ci". This will stop working in the next major version of npm.
6 silly config load:file:C:\Users\TheTruth\.npmrc
7 silly config load:file:C:\Users\TheTruth\AppData\Roaming\npm\etc\npmrc
8 verbose title npm install eslint-plugin-react-hooks
9 verbose argv "install" "--save-dev" "eslint-plugin-react-hooks"
10 verbose logfile logs-max:10 dir:E:\Projects\React\Dogi Teknik Destek\frontend\.npm-cache\_logs\2025-08-25T21_22_01_777Z-
11 verbose logfile E:\Projects\React\Dogi Teknik Destek\frontend\.npm-cache\_logs\2025-08-25T21_22_01_777Z-debug-0.log
12 silly logfile start cleaning logs, removing 1 files
13 silly packumentCache heap:4496293888 maxSize:1124073472 maxEntrySize:562036736
14 silly logfile done cleaning log files
15 silly idealTree buildDeps
16 silly fetch manifest eslint-plugin-react-hooks@*
17 silly packumentCache full:https://registry.npmjs.org/eslint-plugin-react-hooks cache-miss
18 verbose shrinkwrap failed to load node_modules/.package-lock.json missing from node_modules: frontend
19 http cache https://registry.npmjs.org/eslint-plugin-react-hooks 99ms (cache hit)
20 silly packumentCache full:https://registry.npmjs.org/eslint-plugin-react-hooks set size:6405264 disposed:false
21 silly fetch manifest eslint@^3.0.0 || ^4.0.0 || ^5.0.0 || ^6.0.0 || ^7.0.0 || ^8.0.0-0 || ^9.0.0
22 silly packumentCache full:https://registry.npmjs.org/eslint cache-miss
23 http cache https://registry.npmjs.org/eslint 7ms (cache hit)
24 silly packumentCache full:https://registry.npmjs.org/eslint set size:1831603 disposed:false
25 silly fetch manifest jiti@*
26 silly packumentCache full:https://registry.npmjs.org/jiti cache-miss
27 http cache https://registry.npmjs.org/jiti 58ms (cache hit)
28 silly packumentCache full:https://registry.npmjs.org/jiti set size:373202 disposed:false
29 silly placeDep ROOT eslint-plugin-react-hooks@5.2.0 REPLACE for: dogi-teknik-destek@1.0.0 want: *
30 silly fetch manifest eslint-plugin-react-hooks@^4.3.0
31 silly packumentCache full:https://registry.npmjs.org/eslint-plugin-react-hooks cache-miss
32 http cache https://registry.npmjs.org/eslint-plugin-react-hooks 346ms (cache hit)
33 silly packumentCache full:https://registry.npmjs.org/eslint-plugin-react-hooks set size:6405264 disposed:false
34 silly fetch manifest eslint@^8.0.0
35 silly packumentCache full:https://registry.npmjs.org/eslint cache-miss
36 http cache https://registry.npmjs.org/eslint 7ms (cache hit)
37 silly packumentCache full:https://registry.npmjs.org/eslint set size:1831603 disposed:false
38 silly placeDep node_modules/eslint-config-react-app eslint-plugin-react-hooks@4.6.2 OK for: eslint-config-react-app@7.0.1 want: ^4.3.0
39 silly reify mark retired [
39 silly reify   'E:\\Projects\\React\\Dogi Teknik Destek\\frontend\\node_modules\\eslint-plugin-react-hooks'
39 silly reify ]
40 silly reify moves {
40 silly reify   'E:\\Projects\\React\\Dogi Teknik Destek\\frontend\\node_modules\\eslint-plugin-react-hooks': 'E:\\Projects\\React\\Dogi Teknik Destek\\frontend\\node_modules\\.eslint-plugin-react-hooks-LbYkm1mV'
40 silly reify }
41 verbose reify failed optional dependency E:\Projects\React\Dogi Teknik Destek\frontend\node_modules\fsevents
42 silly reify mark deleted [
42 silly reify   'E:\\Projects\\React\\Dogi Teknik Destek\\frontend\\node_modules\\fsevents'
42 silly reify ]
43 http cache eslint-plugin-react-hooks@https://registry.npmjs.org/eslint-plugin-react-hooks/-/eslint-plugin-react-hooks-5.2.0.tgz 0ms (cache hit)
44 http cache eslint-plugin-react-hooks@https://registry.npmjs.org/eslint-plugin-react-hooks/-/eslint-plugin-react-hooks-4.6.2.tgz 0ms (cache hit)
45 silly tarball no local data for eslint-plugin-react-hooks@https://registry.npmjs.org/eslint-plugin-react-hooks/-/eslint-plugin-react-hooks-5.2.0.tgz. Extracting by manifest.
46 http fetch GET 200 https://registry.npmjs.org/eslint-plugin-react-hooks/-/eslint-plugin-react-hooks-5.2.0.tgz 105ms (cache miss)
47 silly ADD node_modules/fsevents
48 silly CHANGE node_modules/eslint-plugin-react-hooks
49 silly ADD node_modules/eslint-config-react-app/node_modules/eslint-plugin-react-hooks
50 verbose cwd E:\Projects\React\Dogi Teknik Destek\frontend
51 verbose os Windows_NT 10.0.26100
52 verbose node v24.4.1
53 verbose npm  v11.5.2
54 verbose exit 0
55 info ok
